E:\USERS\Никита\DOCUMENTS\VISUAL STUDIO 2010\PROJECTS\Змейка\DEBUG\Змейка.EXE
E:\USERS\НИКИТА\DOCUMENTS\VISUAL STUDIO 2010\PROJECTS\ЗМЕЙКА\DEBUG\ЗМЕЙКА.PDB
E:\Users\Никита\Documents\Visual Studio 2010\Projects\Змейка\Змейка\Debug\cl.command.1.tlog
E:\Users\Никита\Documents\Visual Studio 2010\Projects\Змейка\Змейка\Debug\CL.read.1.tlog
E:\Users\Никита\Documents\Visual Studio 2010\Projects\Змейка\Змейка\Debug\CL.write.1.tlog
E:\Users\Никита\Documents\Visual Studio 2010\Projects\Змейка\Змейка\Debug\link.command.1.tlog
E:\Users\Никита\Documents\Visual Studio 2010\Projects\Змейка\Змейка\Debug\link.read.1.tlog
E:\Users\Никита\Documents\Visual Studio 2010\Projects\Змейка\Змейка\Debug\link.write.1.tlog
E:\USERS\Никита\DOCUMENTS\VISUAL STUDIO 2010\PROJECTS\Змейка\Змейка\DEBUG\MAIN.OBJ
E:\Users\Никита\Documents\Visual Studio 2010\Projects\Змейка\Змейка\Debug\mt.command.1.tlog
E:\Users\Никита\Documents\Visual Studio 2010\Projects\Змейка\Змейка\Debug\mt.read.1.tlog
E:\Users\Никита\Documents\Visual Studio 2010\Projects\Змейка\Змейка\Debug\mt.write.1.tlog
E:\Users\Никита\Documents\Visual Studio 2010\Projects\Змейка\Змейка\Debug\rc.command.1.tlog
E:\Users\Никита\Documents\Visual Studio 2010\Projects\Змейка\Змейка\Debug\rc.read.1.tlog
E:\Users\Никита\Documents\Visual Studio 2010\Projects\Змейка\Змейка\Debug\rc.write.1.tlog
E:\Users\Никита\Documents\Visual Studio 2010\Projects\Змейка\Змейка\Debug\vc100.idb
E:\USERS\НИКИТА\DOCUMENTS\VISUAL STUDIO 2010\PROJECTS\ЗМЕЙКА\ЗМЕЙКА\DEBUG\VC100.PDB
E:\Users\Никита\Documents\Visual Studio 2010\Projects\Змейка\Змейка\Debug\Змейка.exe.embed.manifest
E:\USERS\Никита\DOCUMENTS\VISUAL STUDIO 2010\PROJECTS\Змейка\Змейка\DEBUG\Змейка.EXE.EMBED.MANIFEST.RES
E:\USERS\Никита\DOCUMENTS\VISUAL STUDIO 2010\PROJECTS\Змейка\Змейка\DEBUG\Змейка.EXE.INTERMEDIATE.MANIFEST
E:\Users\Никита\Documents\Visual Studio 2010\Projects\Змейка\Змейка\Debug\Змейка.vcxprojResolveAssemblyReference.cache
E:\Users\Никита\Documents\Visual Studio 2010\Projects\Змейка\Змейка\Debug\Змейка.write.1.tlog
E:\Users\Никита\Documents\Visual Studio 2010\Projects\Змейка\Змейка\Debug\Змейка_manifest.rc
